This is TeX, Version 3.14159 (MiKTeX 1.20b) (preloaded format=latex 1999.6.1)  22 JUL 1999 17:15
**bioscena
(bioscena.tex
LaTeX2e <1998/12/01> patch level 1
Babel <v3.6x> and hyphenation patterns for american, french, german, ngerman, n
ohyphenation, loaded.
(C:\Archiv~1\Editors\texmf\tex\latex\base\book.cls
Document Class: book 1999/01/07 v1.4a Standard LaTeX document class
(C:\Archiv~1\Editors\texmf\tex\latex\base\bk11.clo
File: bk11.clo 1999/01/07 v1.4a Standard LaTeX file (size option)
)
\c@part=\count79
\c@chapter=\count80
\c@section=\count81
\c@subsection=\count82
\c@subsubsection=\count83
\c@paragraph=\count84
\c@subparagraph=\count85
\c@figure=\count86
\c@table=\count87
\abovecaptionskip=\skip41
\belowcaptionskip=\skip42
\bibindent=\dimen102
)
(C:\Archiv~1\Editors\texmf\tex\latex\base\inputenc.sty beta test version
Package: inputenc 1998/03/05 v0.97 Input encoding file (test version: still lia
ble to change)

(C:\Archiv~1\Editors\texmf\tex\latex\base\latin1.def
File: latin1.def 1998/03/05 v0.97 Input encoding file (test version: still liab
le to change)
))
(C:\Archiv~1\Editors\texmf\tex\generic\babel\babel.sty
Package: babel 1999/05/05 v3.6x The Babel package

(C:\Archiv~1\Editors\texmf\tex\generic\babel\catalan.ldf
Language: catalan 1999/05/05 v2.2k Catalan support from the babel system

(C:\Archiv~1\Editors\texmf\tex\generic\babel\babel.def
File: babel.def 1999/05/05 v3.6x Babel common definitions
\babel@savecnt=\count88
\U@D=\dimen103
)

Package babel Warning: No hyphenation patterns were loaded for
(babel)                the language `Catalan'
(babel)                I will use the patterns loaded for \language=0 instead.

\l@catalan = a dialect from \language0
Package babel Info: Making " an active character on input line 70.
Warning: You are using encoding OT1 instead of T1.
Some word breaks will not be found.
\leftllkern=\dimen104
\rightllkern=\dimen105
\raiselldim=\dimen106
LaTeX Info: Redefining \l on input line 206.
LaTeX Info: Redefining \L on input line 207.
)) (C:\Archiv~1\Editors\texmf\tex\latex\hyperref\hyperref.sty
Package: hyperref 1999/04/13 6.56 Hypertext links for LaTeX

(C:\Archiv~1\Editors\texmf\tex\latex\graphics\keyval.sty
Package: keyval 1999/03/16 v1.13 key=value parser (DPC)
\KV@toks@=\toks14
)
(C:\Archiv~1\Editors\texmf\tex\latex\hyperref\nameref.sty
Package: nameref 1999/02/17 Cross-referencing by name of section
)
\@linkdim=\dimen107

(C:\Archiv~1\Editors\texmf\tex\latex\hyperref\pd1enc.def
File: pd1enc.def 1999/03/30 v0.3 PDFDocEncoding (Heiko Oberdiek)
)
Package hyperref Info: Bookmarks ON on input line 732.
Package hyperref Info: Hyper figures OFF on input line 744.
Package hyperref Info: Link nesting OFF on input line 749.
Package hyperref Info: Hyper index ON on input line 752.
Package hyperref Info: Plain pages ON on input line 757.
Package hyperref Info: Backreferencing OFF on input line 764.

Implicit mode ON; LaTeX internals redefined
(C:\Archiv~1\Editors\texmf\tex\latex\misc\url.sty
Package: url 1999/03/02  ver 1.4  Verb mode for urls, email addresses, and file
 names
)
\Fld@menulength=\count89
\Field@Width=\dimen108
\Fld@charsize=\dimen109
\Choice@toks=\toks15
\Field@toks=\toks16
Package hyperref Info: Hyper figures OFF on input line 1244.
Package hyperref Info: Link nesting OFF on input line 1249.
Package hyperref Info: Hyper index ON on input line 1252.
Package hyperref Info: backreferencing OFF on input line 1259.
Package hyperref Info: Link coloring OFF on input line 1264.
\c@Item=\count90
\c@Hfootnote=\count91
\OddToc=\count92
LaTeX Info: Redefining \ref on input line 1914.
LaTeX Info: Redefining \pageref on input line 1915.
)
*hyperref using driver hdvips*
(C:\Archiv~1\Editors\texmf\tex\latex\hyperref\hdvips.def
(C:\Archiv~1\Editors\texmf\tex\latex\hyperref\pdfmark.def
\pdf@docset=\toks17
\pdf@box=\box26
\pdf@toks=\toks18
\pdf@defaulttoks=\toks19
\Fld@listcount=\count93
\@outlinefile=\write3
)) (bioscena.aux)
LaTeX Font Info:    Checking defaults for OML/cmm/m/it on input line 27.
LaTeX Font Info:    ... okay on input line 27.
LaTeX Font Info:    Checking defaults for T1/cmr/m/n on input line 27.
LaTeX Font Info:    ... okay on input line 27.
LaTeX Font Info:    Checking defaults for OT1/cmr/m/n on input line 27.
LaTeX Font Info:    ... okay on input line 27.
LaTeX Font Info:    Checking defaults for OMS/cmsy/m/n on input line 27.
LaTeX Font Info:    ... okay on input line 27.
LaTeX Font Info:    Checking defaults for OMX/cmex/m/n on input line 27.
LaTeX Font Info:    ... okay on input line 27.
LaTeX Font Info:    Checking defaults for U/cmr/m/n on input line 27.
LaTeX Font Info:    ... okay on input line 27.
LaTeX Font Info:    Checking defaults for PD1/pdf/m/n on input line 27.
LaTeX Font Info:    ... okay on input line 27.
Package hyperref Info: Link coloring OFF on input line 27.

(bioscena.out) (bioscena.out)
LaTeX Font Info:    External font `cmex10' loaded for size
(Font)              <12> on input line 36.
LaTeX Font Info:    External font `cmex10' loaded for size
(Font)              <8> on input line 36.
LaTeX Font Info:    External font `cmex10' loaded for size
(Font)              <6> on input line 36.
 [1


] [2

] (bioscena.toc
LaTeX Font Info:    External font `cmex10' loaded for size
(Font)              <10.95> on input line 2.
LaTeX Font Info:    Try loading font information for OMS+cmr on input line 11.

(C:\Archiv~1\Editors\texmf\tex\latex\base\omscmr.fd
File: omscmr.fd 1998/03/27 v2.5g Standard LaTeX font definitions
)
LaTeX Font Info:    Font shape `OMS/cmr/m/n' in size <10.95> not available
(Font)              Font shape `OMS/cmsy/m/n' tried instead on input line 11.
 [3])
\tf@toc=\write4
 [4] (resums.tex)
(intro.tex [5] [6

]
Cap\'{\i }tol 1.
) (biologia.tex [7] [8

]
Cap\'{\i }tol 2.
LaTeX Font Info:    Font shape `OMS/cmr/bx/n' in size <12> not available
(Font)              Font shape `OMS/cmsy/b/n' tried instead on input line 40.
LaTeX Font Info:    Font shape `OMS/cmr/bx/n' in size <10.95> not available
(Font)              Font shape `OMS/cmsy/b/n' tried instead on input line 63.

Underfull \vbox (badness 4132) has occurred while \output is active []

 [9]
[10]

LaTeX Warning: Reference `TeoBioMolecular' on page 11 undefined on input line 1
68.


Underfull \vbox (badness 1019) has occurred while \output is active []

 [11]
[12]
LaTeX Font Info:    Font shape `OMS/cmr/bx/n' in size <14.4> not available
(Font)              Font shape `OMS/cmsy/b/n' tried instead on input line 369.
LaTeX Font Info:    Font shape `OMS/cmr/m/sl' in size <10.95> not available
(Font)              Font shape `OMS/cmsy/m/n' tried instead on input line 389.
 [13] [14]
LaTeX Font Info:    External font `cmex10' loaded for size
(Font)              <9> on input line 527.
LaTeX Font Info:    External font `cmex10' loaded for size
(Font)              <5> on input line 527.
 [15] [16]) (bibliografia.tex [17] [18

]
Cap\'{\i }tol 3.

Overfull \hbox (9.26134pt too wide) in paragraph at lines 26--28
[][]\OT1/cmr/m/n/10.95 RAICH/GHABOUSSI, Au-to-ge-n-e-sis and Re-dun-dancy in GA
 Rep-re-sen-ta-tion (Ab-stacts ICGA97) 
 []

) [19] (bioscena.aux)

LaTeX Warning: There were undefined references.

 )
Output written on bioscena.dvi (19 pages, 86412 bytes).
