\BOOKMARK [1]{section.0.1}{Abstract}{}
\BOOKMARK [1]{section.0.2}{Resum}{}
\BOOKMARK [0]{chapter.1}{Introducci\363}{}
\BOOKMARK [1]{section.1.1}{Introducci\363 al projecte}{chapter.1}
\BOOKMARK [1]{section.1.2}{Objectius}{chapter.1}
\BOOKMARK [1]{section.1.3}{Contingut de la mem\362ria}{chapter.1}
\BOOKMARK [0]{chapter.2}{Coneixements te\362rics sobre biologia}{}
\BOOKMARK [1]{section.2.1}{Introducci\363}{chapter.2}
\BOOKMARK [1]{section.2.2}{Gen\350tica mendeliana}{chapter.2}
\BOOKMARK [2]{subsection.2.2.1}{Gen, Al\267lel, Genotip i Fenotip}{section.2.2}
\BOOKMARK [2]{subsection.2.2.2}{Expressi\363 dels al\267lels al fenotip}{section.2.2}
\BOOKMARK [2]{subsection.2.2.3}{Fenotips de distribuci\363 cont\355nua}{section.2.2}
\BOOKMARK [2]{subsection.2.2.4}{Interaccions entre gens no hom\362legs}{section.2.2}
\BOOKMARK [2]{subsection.2.2.5}{Mutaci\363 g\350nica}{section.2.2}
\BOOKMARK [2]{subsection.2.2.6}{Sumari de conceptes aplicables al projecte}{section.2.2}
\BOOKMARK [1]{section.2.3}{Teoria cromos\362mica}{chapter.2}
\BOOKMARK [2]{subsection.2.3.1}{Els cromosomes i l'her\350ncia}{section.2.3}
\BOOKMARK [2]{subsection.2.3.2}{Mitosi i meiosi}{section.2.3}
\BOOKMARK [2]{subsection.2.3.3}{Reproducci\363 i sexualitat. Cicles biol\362gics}{section.2.3}
\BOOKMARK [2]{subsection.2.3.4}{Mutacions cromos\362miques}{section.2.3}
\BOOKMARK [2]{subsection.2.3.5}{Sumari de conceptes aplicables al projecte}{section.2.3}
\BOOKMARK [1]{section.2.4}{Gen\350tica biomol\267lecular}{chapter.2}
\BOOKMARK [2]{subsection.2.4.1}{Concepte cl\340ssic de gen}{section.2.4}
\BOOKMARK [2]{subsection.2.4.2}{Estructura mol\267lecular de l'ADN}{section.2.4}
\BOOKMARK [2]{subsection.2.4.3}{Expressi\363 g\350nica}{section.2.4}
\BOOKMARK [2]{subsection.2.4.4}{Regulaci\363 de l'expressi\363 dels gens}{section.2.4}
\BOOKMARK [2]{subsection.2.4.5}{Mutaci\363 i creuament a nivell mol\267lecular}{section.2.4}
\BOOKMARK [2]{subsection.2.4.6}{Sumari de conceptes aplicables al projecte}{section.2.4}
\BOOKMARK [1]{section.2.5}{Gen\350tica de poblacions}{chapter.2}
\BOOKMARK [1]{section.2.6}{Ecologia}{chapter.2}
\BOOKMARK [0]{chapter.3}{Bibliografia}{}
\BOOKMARK [1]{section.3.1}{Biologia}{chapter.3}
\BOOKMARK [1]{section.3.2}{Vida artificial}{chapter.3}
